<?xml version="1.0" encoding="UTF-8"?>
<!-- Generated by org.testng.reporters.JUnitReportReporter -->
<testsuite hostname="Agam-PC" failures="0" tests="1" name="IQ.IQ.TestOne" time="4.338" errors="0" timestamp="2023-02-16T16:08:34 IST" skipped="0">
  <testcase classname="IQ.IQ.TestOne" name="methodOne" time="4.338"/>
  <system-out/>
</testsuite> <!-- IQ.IQ.TestOne -->
