<?xml version="1.0" encoding="UTF-8"?>
<!-- Generated by org.testng.reporters.JUnitReportReporter -->
<testsuite hostname="Agam-PC" failures="0" tests="1" name="IQ.IQ.TEST" time="2.644" errors="0" timestamp="2023-02-16T14:54:04 IST" skipped="0">
  <testcase classname="IQ.IQ.TEST" name="abc" time="2.644"/>
  <system-out/>
</testsuite> <!-- IQ.IQ.TEST -->
