<?xml version="1.0" encoding="UTF-8"?>
<!-- Generated by org.testng.reporters.JUnitReportReporter -->
<testsuite hostname="Agam-PC" failures="0" tests="1" name="IQ.IQ.NetMeds" time="3.738" errors="0" timestamp="2023-01-30T16:32:32 IST" skipped="0">
  <testcase classname="IQ.IQ.NetMeds" name="netMedsTest" time="3.738"/>
  <system-out/>
</testsuite> <!-- IQ.IQ.NetMeds -->
