<?xml version="1.0" encoding="UTF-8"?>
<!-- Generated by org.testng.reporters.JUnitReportReporter -->
<testsuite hostname="Agam-PC" failures="0" tests="1" name="TC.TCOne" time="4.263" errors="0" timestamp="2023-02-20T11:28:06 IST" skipped="0">
  <testcase classname="TC.TCOne" name="veryTheLogin" time="4.263"/>
  <system-out/>
</testsuite> <!-- TC.TCOne -->
