<?xml version="1.0" encoding="UTF-8"?>
<!-- Generated by org.testng.reporters.JUnitReportReporter -->
<testsuite hostname="Agam-PC" failures="0" tests="10" name="IQ.IQ.FirstClass" time="223.136" errors="0" timestamp="2023-01-26T21:36:24 IST" skipped="0">
  <testcase classname="IQ.IQ.FirstClass" name="methodOne" time="22.056"/>
  <system-out/>
  <testcase classname="IQ.IQ.FirstClass" name="methodOne" time="21.394"/>
  <system-out/>
  <testcase classname="IQ.IQ.FirstClass" name="methodOne" time="21.697"/>
  <system-out/>
  <testcase classname="IQ.IQ.FirstClass" name="methodOne" time="21.716"/>
  <system-out/>
  <testcase classname="IQ.IQ.FirstClass" name="methodOne" time="21.632"/>
  <system-out/>
  <testcase classname="IQ.IQ.FirstClass" name="methodOne" time="23.990"/>
  <system-out/>
  <testcase classname="IQ.IQ.FirstClass" name="methodOne" time="23.035"/>
  <system-out/>
  <testcase classname="IQ.IQ.FirstClass" name="methodOne" time="23.671"/>
  <system-out/>
  <testcase classname="IQ.IQ.FirstClass" name="methodOne" time="22.438"/>
  <system-out/>
  <testcase classname="IQ.IQ.FirstClass" name="methodOne" time="21.507"/>
  <system-out/>
</testsuite> <!-- IQ.IQ.FirstClass -->
