<?xml version="1.0" encoding="UTF-8"?>
<!-- Generated by org.testng.reporters.JUnitReportReporter -->
<testsuite hostname="Agam-PC" failures="0" tests="1" name="IQ.IQ.ChromeTest" time="8.581" errors="0" timestamp="2023-03-11T10:59:08 IST" skipped="0">
  <testcase classname="IQ.IQ.ChromeTest" name="abc" time="8.581"/>
  <system-out/>
</testsuite> <!-- IQ.IQ.ChromeTest -->
